<?xml version="1.0" encoding="UTF-8"?>
<!-- Generated by org.testng.reporters.JUnitReportReporter -->
<testsuite hostname="DESKTOP-8HN186T" failures="0" tests="1" name="sZephyr_testcases.End_to_End_Flow" time="406.556" errors="0" timestamp="2025-01-24T22:16:08 IST" skipped="0">
  <testcase classname="sZephyr_testcases.End_to_End_Flow" name="Blewithoutrouter_pairing" time="406.556"/>
</testsuite> <!-- sZephyr_testcases.End_to_End_Flow -->
