<?xml version="1.0" encoding="UTF-8"?>
<!-- Generated by org.testng.reporters.JUnitReportReporter -->
<testsuite hostname="Admin" failures="0" tests="1" name="sZephyr_testcases.Before_pairing" time="34.733" errors="0" timestamp="2025-04-04T19:20:45 IST" skipped="0">
  <testcase classname="sZephyr_testcases.Before_pairing" name="homePageUICheck" time="34.733"/>
</testsuite> <!-- sZephyr_testcases.Before_pairing -->
