<?xml version="1.0" encoding="UTF-8"?>
<!-- Generated by org.testng.reporters.JUnitReportReporter -->
<testsuite hostname="DESKTOP-MN86ODD" failures="0" tests="1" name="sZephyr_testcases.Before_pairing" time="265.900" errors="0" timestamp="2025-06-05T17:02:42 IST" skipped="0">
  <testcase classname="sZephyr_testcases.Before_pairing" name="homePageUICheck" time="265.900"/>
</testsuite> <!-- sZephyr_testcases.Before_pairing -->
