<?xml version="1.0" encoding="UTF-8"?>
<!-- Generated by org.testng.reporters.JUnitReportReporter -->
<testsuite hostname="DESKTOP-UG42IG5" failures="0" tests="1" name="sZephyr_testcases.Ble_with_router" time="871.133" errors="0" timestamp="2025-04-04T14:52:02 IST" skipped="0">
  <testcase classname="sZephyr_testcases.Ble_with_router" name="Blewithrouter_pairing" time="871.133"/>
</testsuite> <!-- sZephyr_testcases.Ble_with_router -->
