<?xml version="1.0" encoding="UTF-8"?>
<!-- Generated by org.testng.reporters.JUnitReportReporter -->
<testsuite hostname="DESKTOP-UG42IG5" failures="0" tests="1" name="sZephyr_testcases.Smartconfig" time="1038.258" errors="0" timestamp="2025-04-04T15:51:50 IST" skipped="0">
  <testcase classname="sZephyr_testcases.Smartconfig" name="Smartconfig_pairing" time="1038.258"/>
</testsuite> <!-- sZephyr_testcases.Smartconfig -->
