<?xml version="1.0" encoding="UTF-8"?>
<!-- Generated by org.testng.reporters.JUnitReportReporter -->
<<<<<<< HEAD
<testsuite hostname="DESKTOP-MN86ODD" failures="0" tests="1" name="sZephyr_testcases.Before_pairing" time="265.900" errors="0" timestamp="2025-06-05T17:02:42 IST" skipped="0">
  <testcase classname="sZephyr_testcases.Before_pairing" name="homePageUICheck" time="265.900"/>
=======
<testsuite hostname="Admin" failures="0" tests="1" name="sZephyr_testcases.Before_pairing" time="34.733" errors="0" timestamp="2025-04-04T19:20:45 IST" skipped="0">
  <testcase classname="sZephyr_testcases.Before_pairing" name="homePageUICheck" time="34.733"/>
>>>>>>> 006a78d41e94cbe553e2b22e09f95f86d70b74e8
</testsuite> <!-- sZephyr_testcases.Before_pairing -->
