<?xml version="1.0" encoding="UTF-8"?>
<!-- Generated by org.testng.reporters.JUnitReportReporter -->
<testsuite hostname="DESKTOP-MN86ODD" failures="0" tests="1" name="sZephyr_testcases.Smartconfig" time="1140.132" errors="0" timestamp="2025-06-05T21:37:09 IST" skipped="0">
  <testcase classname="sZephyr_testcases.Smartconfig" name="Smartconfig_pairing" time="1140.132"/>
</testsuite> <!-- sZephyr_testcases.Smartconfig -->
