<?xml version="1.0" encoding="UTF-8"?>
<!-- Generated by org.testng.reporters.JUnitReportReporter -->
<testsuite hostname="DESKTOP-MN86ODD" failures="0" tests="1" name="sZephyr_testcases.Before_pairing" time="400.871" errors="0" timestamp="2025-06-05T21:37:09 IST" skipped="0">
  <testcase classname="sZephyr_testcases.Before_pairing" name="homePageUICheck" time="400.871"/>
</testsuite> <!-- sZephyr_testcases.Before_pairing -->
