<?xml version="1.0" encoding="UTF-8"?>
<!-- Generated by org.testng.reporters.JUnitReportReporter -->
<testsuite hostname="DESKTOP-UG42IG5" failures="0" tests="1" name="sZephyr_testcases.Before_pairing" time="297.448" errors="0" timestamp="2025-04-04T16:53:32 IST" skipped="0">
  <testcase classname="sZephyr_testcases.Before_pairing" name="homePageUICheck" time="297.448"/>
</testsuite> <!-- sZephyr_testcases.Before_pairing -->
